2024-11-15 14:01:07.493 [restartedMain] INFO  iisi.example.gia.RestApplication - Starting RestApplication using Java 17.0.13 with PID 23752 (D:\gia\gia-rest\target\classes started by 2410017 in D:\gia)
2024-11-15 14:01:07.495 [restartedMain] INFO  iisi.example.gia.RestApplication - The following 1 profile is active: "xml-config"
2024-11-15 14:01:07.544 [restartedMain] INFO  o.s.b.d.env.DevToolsPropertyDefaultsPostProcessor - Devtools property defaults active! Set 'spring.devtools.add-properties' to 'false' to disable
2024-11-15 14:01:07.544 [restartedMain] INFO  o.s.b.d.env.DevToolsPropertyDefaultsPostProcessor - For additional web related logging consider setting the 'logging.level.web' property to 'DEBUG'
2024-11-15 14:01:08.072 [restartedMain] INFO  o.s.b.core.configuration.annotation.BatchRegistrar - Finished Spring Batch infrastructure beans configuration in 5 ms.
2024-11-15 14:01:08.424 [restartedMain] WARN  o.s.c.s.PostProcessorRegistrationDelegate$BeanPostProcessorChecker - Bean 'jobRegistry' of type [org.springframework.batch.core.configuration.support.MapJobRegistry] is not eligible for getting processed by all BeanPostProcessors (for example: not eligible for auto-proxying). Is this bean getting eagerly injected/applied to a currently created BeanPostProcessor [jobRegistryBeanPostProcessor]? Check the corresponding BeanPostProcessor declaration and its dependencies/advisors. If this bean does not have to be post-processed, declare it with ROLE_INFRASTRUCTURE.
2024-11-15 14:01:08.744 [restartedMain] INFO  o.s.boot.web.embedded.tomcat.TomcatWebServer - Tomcat initialized with port 8080 (http)
2024-11-15 14:01:08.752 [restartedMain] INFO  org.apache.coyote.http11.Http11NioProtocol - Initializing ProtocolHandler ["http-nio-8080"]
2024-11-15 14:01:08.756 [restartedMain] INFO  org.apache.catalina.core.StandardService - Starting service [Tomcat]
2024-11-15 14:01:08.757 [restartedMain] INFO  org.apache.catalina.core.StandardEngine - Starting Servlet engine: [Apache Tomcat/10.1.31]
2024-11-15 14:01:08.807 [restartedMain] INFO  o.a.c.core.ContainerBase.[Tomcat].[localhost].[/] - Initializing Spring embedded WebApplicationContext
2024-11-15 14:01:08.809 [restartedMain] INFO  o.s.b.w.s.c.ServletWebServerApplicationContext - Root WebApplicationContext: initialization completed in 1262 ms
2024-11-15 14:01:08.946 [restartedMain] INFO  com.zaxxer.hikari.HikariDataSource - HikariPool-1 - Starting...
2024-11-15 14:01:09.185 [restartedMain] INFO  com.zaxxer.hikari.pool.HikariPool - HikariPool-1 - Added connection com.mysql.cj.jdbc.ConnectionImpl@8f83352
2024-11-15 14:01:09.186 [restartedMain] INFO  com.zaxxer.hikari.HikariDataSource - HikariPool-1 - Start completed.
2024-11-15 14:01:09.193 [restartedMain] INFO  o.s.b.c.r.support.JobRepositoryFactoryBean - No database type set, using meta data indicating: MYSQL
2024-11-15 14:01:09.205 [restartedMain] INFO  o.s.batch.core.launch.support.SimpleJobLauncher - No TaskExecutor has been set, defaulting to synchronous executor.
2024-11-15 14:01:09.277 [restartedMain] INFO  o.s.b.c.c.a.BatchObservabilityBeanPostProcessor - No Micrometer observation registry found, defaulting to ObservationRegistry.NOOP
2024-11-15 14:01:09.286 [restartedMain] INFO  o.s.b.c.c.a.BatchObservabilityBeanPostProcessor - No Micrometer observation registry found, defaulting to ObservationRegistry.NOOP
2024-11-15 14:01:09.601 [restartedMain] INFO  o.s.b.a.web.servlet.WelcomePageHandlerMapping - Adding welcome page template: index
2024-11-15 14:01:09.962 [restartedMain] INFO  o.s.b.d.autoconfigure.OptionalLiveReloadServer - LiveReload server is running on port 35729
2024-11-15 14:01:09.978 [restartedMain] INFO  org.apache.coyote.http11.Http11NioProtocol - Starting ProtocolHandler ["http-nio-8080"]
2024-11-15 14:01:10.007 [restartedMain] INFO  o.s.boot.web.embedded.tomcat.TomcatWebServer - Tomcat started on port 8080 (http) with context path '/'
2024-11-15 14:01:10.017 [restartedMain] INFO  iisi.example.gia.RestApplication - Started RestApplication in 2.923 seconds (process running for 3.312)
2024-11-15 14:01:13.339 [http-nio-8080-exec-2] INFO  o.a.c.core.ContainerBase.[Tomcat].[localhost].[/] - Initializing Spring DispatcherServlet 'dispatcherServlet'
2024-11-15 14:01:13.339 [http-nio-8080-exec-2] INFO  org.springframework.web.servlet.DispatcherServlet - Initializing Servlet 'dispatcherServlet'
2024-11-15 14:01:13.340 [http-nio-8080-exec-2] INFO  org.springframework.web.servlet.DispatcherServlet - Completed initialization in 1 ms
2024-11-15 14:01:13.360 [http-nio-8080-exec-2] INFO  iisi.example.iisi.example.gia.TestLogController - 這是 INFO 日誌
2024-11-15 14:01:13.360 [http-nio-8080-exec-2] WARN  iisi.example.iisi.example.gia.TestLogController - 這是 WARN 日誌
2024-11-15 14:01:13.360 [http-nio-8080-exec-2] ERROR iisi.example.iisi.example.gia.TestLogController - 這是 ERROR 日誌
2024-11-15 14:01:13.361 [http-nio-8080-exec-2] ERROR iisi.example.iisi.example.gia.TestLogController - 發生異常!
java.lang.ArithmeticException: / by zero
	at iisi.example.iisi.example.gia.TestLogController.testLog(TestLogController.java:21)
	at java.base/jdk.internal.reflect.NativeMethodAccessorImpl.invoke0(Native Method)
	at java.base/jdk.internal.reflect.NativeMethodAccessorImpl.invoke(NativeMethodAccessorImpl.java:77)
	at java.base/jdk.internal.reflect.DelegatingMethodAccessorImpl.invoke(DelegatingMethodAccessorImpl.java:43)
	at java.base/java.lang.reflect.Method.invoke(Method.java:569)
	at org.springframework.web.method.support.InvocableHandlerMethod.doInvoke(InvocableHandlerMethod.java:255)
	at org.springframework.web.method.support.InvocableHandlerMethod.invokeForRequest(InvocableHandlerMethod.java:188)
	at org.springframework.web.servlet.mvc.method.annotation.ServletInvocableHandlerMethod.invokeAndHandle(ServletInvocableHandlerMethod.java:118)
	at org.springframework.web.servlet.mvc.method.annotation.RequestMappingHandlerAdapter.invokeHandlerMethod(RequestMappingHandlerAdapter.java:926)
	at org.springframework.web.servlet.mvc.method.annotation.RequestMappingHandlerAdapter.handleInternal(RequestMappingHandlerAdapter.java:831)
	at org.springframework.web.servlet.mvc.method.AbstractHandlerMethodAdapter.handle(AbstractHandlerMethodAdapter.java:87)
	at org.springframework.web.servlet.DispatcherServlet.doDispatch(DispatcherServlet.java:1089)
	at org.springframework.web.servlet.DispatcherServlet.doService(DispatcherServlet.java:979)
	at org.springframework.web.servlet.FrameworkServlet.processRequest(FrameworkServlet.java:1014)
	at org.springframework.web.servlet.FrameworkServlet.doGet(FrameworkServlet.java:903)
	at jakarta.servlet.http.HttpServlet.service(HttpServlet.java:564)
	at org.springframework.web.servlet.FrameworkServlet.service(FrameworkServlet.java:885)
	at jakarta.servlet.http.HttpServlet.service(HttpServlet.java:658)
	at org.apache.catalina.core.ApplicationFilterChain.internalDoFilter(ApplicationFilterChain.java:195)
	at org.apache.catalina.core.ApplicationFilterChain.doFilter(ApplicationFilterChain.java:140)
	at org.apache.tomcat.websocket.server.WsFilter.doFilter(WsFilter.java:51)
	at org.apache.catalina.core.ApplicationFilterChain.internalDoFilter(ApplicationFilterChain.java:164)
	at org.apache.catalina.core.ApplicationFilterChain.doFilter(ApplicationFilterChain.java:140)
	at org.springframework.web.filter.RequestContextFilter.doFilterInternal(RequestContextFilter.java:100)
	at org.springframework.web.filter.OncePerRequestFilter.doFilter(OncePerRequestFilter.java:116)
	at org.apache.catalina.core.ApplicationFilterChain.internalDoFilter(ApplicationFilterChain.java:164)
	at org.apache.catalina.core.ApplicationFilterChain.doFilter(ApplicationFilterChain.java:140)
	at org.springframework.web.filter.FormContentFilter.doFilterInternal(FormContentFilter.java:93)
	at org.springframework.web.filter.OncePerRequestFilter.doFilter(OncePerRequestFilter.java:116)
	at org.apache.catalina.core.ApplicationFilterChain.internalDoFilter(ApplicationFilterChain.java:164)
	at org.apache.catalina.core.ApplicationFilterChain.doFilter(ApplicationFilterChain.java:140)
	at org.springframework.web.filter.CharacterEncodingFilter.doFilterInternal(CharacterEncodingFilter.java:201)
	at org.springframework.web.filter.OncePerRequestFilter.doFilter(OncePerRequestFilter.java:116)
	at org.apache.catalina.core.ApplicationFilterChain.internalDoFilter(ApplicationFilterChain.java:164)
	at org.apache.catalina.core.ApplicationFilterChain.doFilter(ApplicationFilterChain.java:140)
	at org.apache.catalina.core.StandardWrapperValve.invoke(StandardWrapperValve.java:167)
	at org.apache.catalina.core.StandardContextValve.invoke(StandardContextValve.java:90)
	at org.apache.catalina.authenticator.AuthenticatorBase.invoke(AuthenticatorBase.java:483)
	at org.apache.catalina.core.StandardHostValve.invoke(StandardHostValve.java:115)
	at org.apache.catalina.valves.ErrorReportValve.invoke(ErrorReportValve.java:93)
	at org.apache.catalina.core.StandardEngineValve.invoke(StandardEngineValve.java:74)
	at org.apache.catalina.connector.CoyoteAdapter.service(CoyoteAdapter.java:344)
	at org.apache.coyote.http11.Http11Processor.service(Http11Processor.java:384)
	at org.apache.coyote.AbstractProcessorLight.process(AbstractProcessorLight.java:63)
	at org.apache.coyote.AbstractProtocol$ConnectionHandler.process(AbstractProtocol.java:905)
	at org.apache.tomcat.util.net.NioEndpoint$SocketProcessor.doRun(NioEndpoint.java:1741)
	at org.apache.tomcat.util.net.SocketProcessorBase.run(SocketProcessorBase.java:52)
	at org.apache.tomcat.util.threads.ThreadPoolExecutor.runWorker(ThreadPoolExecutor.java:1190)
	at org.apache.tomcat.util.threads.ThreadPoolExecutor$Worker.run(ThreadPoolExecutor.java:659)
	at org.apache.tomcat.util.threads.TaskThread$WrappingRunnable.run(TaskThread.java:63)
	at java.base/java.lang.Thread.run(Thread.java:840)
2024-11-15 14:01:24.271 [SpringApplicationShutdownHook] INFO  com.zaxxer.hikari.HikariDataSource - HikariPool-1 - Shutdown initiated...
2024-11-15 14:01:24.282 [SpringApplicationShutdownHook] INFO  com.zaxxer.hikari.HikariDataSource - HikariPool-1 - Shutdown completed.
2024-11-15 14:07:42.368 [restartedMain] INFO  iisi.example.gia.RestApplication - Starting RestApplication using Java 17.0.13 with PID 4220 (D:\gia\gia-rest\target\classes started by 2410017 in D:\gia)
2024-11-15 14:07:42.370 [restartedMain] INFO  iisi.example.gia.RestApplication - The following 1 profile is active: "xml-config"
2024-11-15 14:07:42.417 [restartedMain] INFO  o.s.b.d.env.DevToolsPropertyDefaultsPostProcessor - Devtools property defaults active! Set 'spring.devtools.add-properties' to 'false' to disable
2024-11-15 14:07:42.418 [restartedMain] INFO  o.s.b.d.env.DevToolsPropertyDefaultsPostProcessor - For additional web related logging consider setting the 'logging.level.web' property to 'DEBUG'
2024-11-15 14:07:42.924 [restartedMain] INFO  o.s.b.core.configuration.annotation.BatchRegistrar - Finished Spring Batch infrastructure beans configuration in 4 ms.
2024-11-15 14:07:43.287 [restartedMain] WARN  o.s.c.s.PostProcessorRegistrationDelegate$BeanPostProcessorChecker - Bean 'jobRegistry' of type [org.springframework.batch.core.configuration.support.MapJobRegistry] is not eligible for getting processed by all BeanPostProcessors (for example: not eligible for auto-proxying). Is this bean getting eagerly injected/applied to a currently created BeanPostProcessor [jobRegistryBeanPostProcessor]? Check the corresponding BeanPostProcessor declaration and its dependencies/advisors. If this bean does not have to be post-processed, declare it with ROLE_INFRASTRUCTURE.
2024-11-15 14:07:43.631 [restartedMain] INFO  o.s.boot.web.embedded.tomcat.TomcatWebServer - Tomcat initialized with port 8080 (http)
2024-11-15 14:07:43.639 [restartedMain] INFO  org.apache.coyote.http11.Http11NioProtocol - Initializing ProtocolHandler ["http-nio-8080"]
2024-11-15 14:07:43.642 [restartedMain] INFO  org.apache.catalina.core.StandardService - Starting service [Tomcat]
2024-11-15 14:07:43.643 [restartedMain] INFO  org.apache.catalina.core.StandardEngine - Starting Servlet engine: [Apache Tomcat/10.1.31]
2024-11-15 14:07:43.693 [restartedMain] INFO  o.a.c.core.ContainerBase.[Tomcat].[localhost].[/] - Initializing Spring embedded WebApplicationContext
2024-11-15 14:07:43.695 [restartedMain] INFO  o.s.b.w.s.c.ServletWebServerApplicationContext - Root WebApplicationContext: initialization completed in 1276 ms
2024-11-15 14:07:43.823 [restartedMain] INFO  com.zaxxer.hikari.HikariDataSource - HikariPool-1 - Starting...
2024-11-15 14:07:44.070 [restartedMain] INFO  com.zaxxer.hikari.pool.HikariPool - HikariPool-1 - Added connection com.mysql.cj.jdbc.ConnectionImpl@68af412a
2024-11-15 14:07:44.071 [restartedMain] INFO  com.zaxxer.hikari.HikariDataSource - HikariPool-1 - Start completed.
2024-11-15 14:07:44.078 [restartedMain] INFO  o.s.b.c.r.support.JobRepositoryFactoryBean - No database type set, using meta data indicating: MYSQL
2024-11-15 14:07:44.091 [restartedMain] INFO  o.s.batch.core.launch.support.SimpleJobLauncher - No TaskExecutor has been set, defaulting to synchronous executor.
2024-11-15 14:07:44.175 [restartedMain] INFO  o.s.b.c.c.a.BatchObservabilityBeanPostProcessor - No Micrometer observation registry found, defaulting to ObservationRegistry.NOOP
2024-11-15 14:07:44.195 [restartedMain] INFO  o.s.b.c.c.a.BatchObservabilityBeanPostProcessor - No Micrometer observation registry found, defaulting to ObservationRegistry.NOOP
2024-11-15 14:07:44.557 [restartedMain] INFO  o.s.b.a.web.servlet.WelcomePageHandlerMapping - Adding welcome page template: index
2024-11-15 14:07:45.024 [restartedMain] INFO  o.s.b.d.autoconfigure.OptionalLiveReloadServer - LiveReload server is running on port 35729
2024-11-15 14:07:45.046 [restartedMain] INFO  org.apache.coyote.http11.Http11NioProtocol - Starting ProtocolHandler ["http-nio-8080"]
2024-11-15 14:07:45.075 [restartedMain] INFO  o.s.boot.web.embedded.tomcat.TomcatWebServer - Tomcat started on port 8080 (http) with context path '/'
2024-11-15 14:07:45.084 [restartedMain] INFO  iisi.example.gia.RestApplication - Started RestApplication in 3.142 seconds (process running for 3.497)
2024-11-15 14:07:56.558 [http-nio-8080-exec-2] INFO  o.a.c.core.ContainerBase.[Tomcat].[localhost].[/] - Initializing Spring DispatcherServlet 'dispatcherServlet'
2024-11-15 14:07:56.558 [http-nio-8080-exec-2] INFO  org.springframework.web.servlet.DispatcherServlet - Initializing Servlet 'dispatcherServlet'
2024-11-15 14:07:56.559 [http-nio-8080-exec-2] INFO  org.springframework.web.servlet.DispatcherServlet - Completed initialization in 1 ms
2024-11-15 14:07:56.659 [http-nio-8080-exec-2] INFO  o.s.batch.core.launch.support.SimpleJobLauncher - Job: [FlowJob: [name=exportEmpJob]] launched with the following parameters: [{'time':'{value=1731650876578, type=class java.lang.Long, identifying=true}'}]
2024-11-15 14:07:56.702 [http-nio-8080-exec-2] INFO  o.springframework.batch.core.job.SimpleStepHandler - Executing step: [exportEmpStep]
2024-11-15 14:08:02.423 [http-nio-8080-exec-2] INFO  o.s.batch.core.step.ThreadStepInterruptionPolicy - Step interrupted through Thread API
2024-11-15 14:08:02.424 [http-nio-8080-exec-2] INFO  org.springframework.batch.core.step.AbstractStep - Encountered interruption executing step exportEmpStep in job exportEmpJob : Job interrupted status detected.
2024-11-15 14:08:02.427 [http-nio-8080-exec-2] INFO  org.springframework.batch.core.step.AbstractStep - Step: [exportEmpStep] executed in 5s725ms
2024-11-15 14:08:02.444 [http-nio-8080-exec-2] INFO  org.springframework.batch.core.job.AbstractJob - Encountered interruption executing job: Job interrupted by step execution
2024-11-15 14:08:02.455 [http-nio-8080-exec-2] INFO  o.s.batch.core.launch.support.SimpleJobLauncher - Job: [FlowJob: [name=exportEmpJob]] completed with the following parameters: [{'time':'{value=1731650876578, type=class java.lang.Long, identifying=true}'}] and the following status: [STOPPED] in 5s775ms
2024-11-15 14:08:02.481 [http-nio-8080-exec-2] WARN  o.s.w.s.m.support.DefaultHandlerExceptionResolver - Resolved [org.springframework.web.context.request.async.AsyncRequestNotUsableException: ServletOutputStream failed to flush: java.nio.channels.ClosedChannelException]
2024-11-15 14:08:02.486 [SpringApplicationShutdownHook] INFO  com.zaxxer.hikari.HikariDataSource - HikariPool-1 - Shutdown initiated...
2024-11-15 14:08:02.497 [SpringApplicationShutdownHook] INFO  com.zaxxer.hikari.HikariDataSource - HikariPool-1 - Shutdown completed.
2024-11-15 14:39:59.020 [restartedMain] INFO  iisi.example.gia.RestApplication - Starting RestApplication using Java 17.0.13 with PID 7104 (D:\gia\gia-rest\target\classes started by 2410017 in D:\gia)
2024-11-15 14:39:59.022 [restartedMain] INFO  iisi.example.gia.RestApplication - The following 1 profile is active: "xml-config"
2024-11-15 14:39:59.071 [restartedMain] INFO  o.s.b.d.env.DevToolsPropertyDefaultsPostProcessor - Devtools property defaults active! Set 'spring.devtools.add-properties' to 'false' to disable
2024-11-15 14:39:59.072 [restartedMain] INFO  o.s.b.d.env.DevToolsPropertyDefaultsPostProcessor - For additional web related logging consider setting the 'logging.level.web' property to 'DEBUG'
2024-11-15 14:39:59.593 [restartedMain] INFO  o.s.b.core.configuration.annotation.BatchRegistrar - Finished Spring Batch infrastructure beans configuration in 5 ms.
2024-11-15 14:39:59.974 [restartedMain] WARN  o.s.c.s.PostProcessorRegistrationDelegate$BeanPostProcessorChecker - Bean 'jobRegistry' of type [org.springframework.batch.core.configuration.support.MapJobRegistry] is not eligible for getting processed by all BeanPostProcessors (for example: not eligible for auto-proxying). Is this bean getting eagerly injected/applied to a currently created BeanPostProcessor [jobRegistryBeanPostProcessor]? Check the corresponding BeanPostProcessor declaration and its dependencies/advisors. If this bean does not have to be post-processed, declare it with ROLE_INFRASTRUCTURE.
2024-11-15 14:40:00.301 [restartedMain] INFO  o.s.boot.web.embedded.tomcat.TomcatWebServer - Tomcat initialized with port 8080 (http)
2024-11-15 14:40:00.310 [restartedMain] INFO  org.apache.coyote.http11.Http11NioProtocol - Initializing ProtocolHandler ["http-nio-8080"]
2024-11-15 14:40:00.314 [restartedMain] INFO  org.apache.catalina.core.StandardService - Starting service [Tomcat]
2024-11-15 14:40:00.315 [restartedMain] INFO  org.apache.catalina.core.StandardEngine - Starting Servlet engine: [Apache Tomcat/10.1.31]
2024-11-15 14:40:00.370 [restartedMain] INFO  o.a.c.core.ContainerBase.[Tomcat].[localhost].[/] - Initializing Spring embedded WebApplicationContext
2024-11-15 14:40:00.374 [restartedMain] INFO  o.s.b.w.s.c.ServletWebServerApplicationContext - Root WebApplicationContext: initialization completed in 1300 ms
2024-11-15 14:40:00.516 [restartedMain] INFO  com.zaxxer.hikari.HikariDataSource - HikariPool-1 - Starting...
2024-11-15 14:40:00.782 [restartedMain] INFO  com.zaxxer.hikari.pool.HikariPool - HikariPool-1 - Added connection com.mysql.cj.jdbc.ConnectionImpl@6a15221b
2024-11-15 14:40:00.784 [restartedMain] INFO  com.zaxxer.hikari.HikariDataSource - HikariPool-1 - Start completed.
2024-11-15 14:40:00.791 [restartedMain] INFO  o.s.b.c.r.support.JobRepositoryFactoryBean - No database type set, using meta data indicating: MYSQL
2024-11-15 14:40:00.804 [restartedMain] INFO  o.s.batch.core.launch.support.SimpleJobLauncher - No TaskExecutor has been set, defaulting to synchronous executor.
2024-11-15 14:40:00.890 [restartedMain] INFO  o.s.b.c.c.a.BatchObservabilityBeanPostProcessor - No Micrometer observation registry found, defaulting to ObservationRegistry.NOOP
2024-11-15 14:40:00.904 [restartedMain] INFO  o.s.b.c.c.a.BatchObservabilityBeanPostProcessor - No Micrometer observation registry found, defaulting to ObservationRegistry.NOOP
2024-11-15 14:40:01.222 [restartedMain] INFO  o.s.b.a.web.servlet.WelcomePageHandlerMapping - Adding welcome page template: index
2024-11-15 14:40:01.594 [restartedMain] INFO  o.s.b.d.autoconfigure.OptionalLiveReloadServer - LiveReload server is running on port 35729
2024-11-15 14:40:01.605 [restartedMain] INFO  org.apache.coyote.http11.Http11NioProtocol - Starting ProtocolHandler ["http-nio-8080"]
2024-11-15 14:40:01.628 [restartedMain] INFO  o.s.boot.web.embedded.tomcat.TomcatWebServer - Tomcat started on port 8080 (http) with context path '/'
2024-11-15 14:40:01.638 [restartedMain] INFO  iisi.example.gia.RestApplication - Started RestApplication in 3.017 seconds (process running for 3.374)
2024-11-15 14:40:03.545 [http-nio-8080-exec-2] INFO  o.a.c.core.ContainerBase.[Tomcat].[localhost].[/] - Initializing Spring DispatcherServlet 'dispatcherServlet'
2024-11-15 14:40:03.545 [http-nio-8080-exec-2] INFO  org.springframework.web.servlet.DispatcherServlet - Initializing Servlet 'dispatcherServlet'
2024-11-15 14:40:03.546 [http-nio-8080-exec-2] INFO  org.springframework.web.servlet.DispatcherServlet - Completed initialization in 1 ms
2024-11-15 14:40:03.657 [http-nio-8080-exec-2] INFO  o.s.batch.core.launch.support.SimpleJobLauncher - Job: [FlowJob: [name=exportEmpJob]] launched with the following parameters: [{'time':'{value=1731652803569, type=class java.lang.Long, identifying=true}'}]
2024-11-15 14:40:03.709 [http-nio-8080-exec-2] INFO  o.springframework.batch.core.job.SimpleStepHandler - Executing step: [exportEmpStep]
2024-11-15 14:40:03.853 [http-nio-8080-exec-2] INFO  org.springframework.batch.core.step.AbstractStep - Step: [exportEmpStep] executed in 143ms
2024-11-15 14:40:03.878 [http-nio-8080-exec-2] INFO  o.s.batch.core.launch.support.SimpleJobLauncher - Job: [FlowJob: [name=exportEmpJob]] completed with the following parameters: [{'time':'{value=1731652803569, type=class java.lang.Long, identifying=true}'}] and the following status: [COMPLETED] in 199ms
2024-11-15 14:40:44.500 [SpringApplicationShutdownHook] INFO  com.zaxxer.hikari.HikariDataSource - HikariPool-1 - Shutdown initiated...
2024-11-15 14:40:44.515 [SpringApplicationShutdownHook] INFO  com.zaxxer.hikari.HikariDataSource - HikariPool-1 - Shutdown completed.
2024-11-15 15:25:27.487 [restartedMain] INFO  iisi.example.gia.RestApplication - Starting RestApplication using Java 17.0.13 with PID 12092 (D:\gia\gia-rest\target\classes started by 2410017 in D:\gia)
2024-11-15 15:25:27.489 [restartedMain] INFO  iisi.example.gia.RestApplication - The following 1 profile is active: "xml-config"
2024-11-15 15:25:27.545 [restartedMain] INFO  o.s.b.d.env.DevToolsPropertyDefaultsPostProcessor - Devtools property defaults active! Set 'spring.devtools.add-properties' to 'false' to disable
2024-11-15 15:25:27.545 [restartedMain] INFO  o.s.b.d.env.DevToolsPropertyDefaultsPostProcessor - For additional web related logging consider setting the 'logging.level.web' property to 'DEBUG'
2024-11-15 15:25:28.199 [restartedMain] INFO  o.s.b.core.configuration.annotation.BatchRegistrar - Finished Spring Batch infrastructure beans configuration in 4 ms.
2024-11-15 15:25:28.632 [restartedMain] WARN  o.s.c.s.PostProcessorRegistrationDelegate$BeanPostProcessorChecker - Bean 'jobRegistry' of type [org.springframework.batch.core.configuration.support.MapJobRegistry] is not eligible for getting processed by all BeanPostProcessors (for example: not eligible for auto-proxying). Is this bean getting eagerly injected/applied to a currently created BeanPostProcessor [jobRegistryBeanPostProcessor]? Check the corresponding BeanPostProcessor declaration and its dependencies/advisors. If this bean does not have to be post-processed, declare it with ROLE_INFRASTRUCTURE.
2024-11-15 15:25:28.998 [restartedMain] INFO  o.s.boot.web.embedded.tomcat.TomcatWebServer - Tomcat initialized with port 8080 (http)
2024-11-15 15:25:29.008 [restartedMain] INFO  org.apache.coyote.http11.Http11NioProtocol - Initializing ProtocolHandler ["http-nio-8080"]
2024-11-15 15:25:29.012 [restartedMain] INFO  org.apache.catalina.core.StandardService - Starting service [Tomcat]
2024-11-15 15:25:29.012 [restartedMain] INFO  org.apache.catalina.core.StandardEngine - Starting Servlet engine: [Apache Tomcat/10.1.31]
2024-11-15 15:25:29.069 [restartedMain] INFO  o.a.c.core.ContainerBase.[Tomcat].[localhost].[/] - Initializing Spring embedded WebApplicationContext
2024-11-15 15:25:29.070 [restartedMain] INFO  o.s.b.w.s.c.ServletWebServerApplicationContext - Root WebApplicationContext: initialization completed in 1524 ms
2024-11-15 15:25:29.226 [restartedMain] INFO  com.zaxxer.hikari.HikariDataSource - HikariPool-1 - Starting...
2024-11-15 15:25:29.535 [restartedMain] INFO  com.zaxxer.hikari.pool.HikariPool - HikariPool-1 - Added connection com.mysql.cj.jdbc.ConnectionImpl@703b4169
2024-11-15 15:25:29.537 [restartedMain] INFO  com.zaxxer.hikari.HikariDataSource - HikariPool-1 - Start completed.
2024-11-15 15:25:29.544 [restartedMain] INFO  o.s.b.c.r.support.JobRepositoryFactoryBean - No database type set, using meta data indicating: MYSQL
2024-11-15 15:25:29.561 [restartedMain] INFO  o.s.batch.core.launch.support.SimpleJobLauncher - No TaskExecutor has been set, defaulting to synchronous executor.
2024-11-15 15:25:29.688 [restartedMain] INFO  o.s.b.c.c.a.BatchObservabilityBeanPostProcessor - No Micrometer observation registry found, defaulting to ObservationRegistry.NOOP
2024-11-15 15:25:29.711 [restartedMain] INFO  o.s.b.c.c.a.BatchObservabilityBeanPostProcessor - No Micrometer observation registry found, defaulting to ObservationRegistry.NOOP
2024-11-15 15:25:30.359 [restartedMain] INFO  o.s.b.a.web.servlet.WelcomePageHandlerMapping - Adding welcome page template: index
2024-11-15 15:25:30.907 [restartedMain] INFO  o.s.b.d.autoconfigure.OptionalLiveReloadServer - LiveReload server is running on port 35729
2024-11-15 15:25:30.924 [restartedMain] INFO  org.apache.coyote.http11.Http11NioProtocol - Starting ProtocolHandler ["http-nio-8080"]
2024-11-15 15:25:30.959 [restartedMain] INFO  o.s.boot.web.embedded.tomcat.TomcatWebServer - Tomcat started on port 8080 (http) with context path '/'
2024-11-15 15:25:30.968 [restartedMain] INFO  iisi.example.gia.RestApplication - Started RestApplication in 3.985 seconds (process running for 4.458)
2024-11-15 15:25:34.085 [http-nio-8080-exec-1] INFO  o.a.c.core.ContainerBase.[Tomcat].[localhost].[/] - Initializing Spring DispatcherServlet 'dispatcherServlet'
2024-11-15 15:25:34.085 [http-nio-8080-exec-1] INFO  org.springframework.web.servlet.DispatcherServlet - Initializing Servlet 'dispatcherServlet'
2024-11-15 15:25:34.086 [http-nio-8080-exec-1] INFO  org.springframework.web.servlet.DispatcherServlet - Completed initialization in 1 ms
2024-11-15 15:25:34.200 [http-nio-8080-exec-1] INFO  o.s.batch.core.launch.support.SimpleJobLauncher - Job: [FlowJob: [name=exportEmpJob]] launched with the following parameters: [{'time':'{value=1731655534111, type=class java.lang.Long, identifying=true}'}]
2024-11-15 15:25:34.245 [http-nio-8080-exec-1] INFO  o.springframework.batch.core.job.SimpleStepHandler - Executing step: [exportEmpStep]
2024-11-15 15:25:34.422 [http-nio-8080-exec-1] INFO  org.springframework.batch.core.step.AbstractStep - Step: [exportEmpStep] executed in 177ms
2024-11-15 15:25:34.453 [http-nio-8080-exec-1] INFO  o.s.batch.core.launch.support.SimpleJobLauncher - Job: [FlowJob: [name=exportEmpJob]] completed with the following parameters: [{'time':'{value=1731655534111, type=class java.lang.Long, identifying=true}'}] and the following status: [COMPLETED] in 232ms
2024-11-15 15:26:01.062 [SpringApplicationShutdownHook] INFO  com.zaxxer.hikari.HikariDataSource - HikariPool-1 - Shutdown initiated...
2024-11-15 15:26:01.071 [SpringApplicationShutdownHook] INFO  com.zaxxer.hikari.HikariDataSource - HikariPool-1 - Shutdown completed.
2024-11-15 15:42:18.003 [restartedMain] INFO  iisi.example.gia.RestApplication - Starting RestApplication using Java 17.0.13 with PID 14160 (D:\gia\gia-rest\target\classes started by 2410017 in D:\gia)
2024-11-15 15:42:18.005 [restartedMain] INFO  iisi.example.gia.RestApplication - The following 1 profile is active: "xml-config"
2024-11-15 15:42:18.061 [restartedMain] INFO  o.s.b.d.env.DevToolsPropertyDefaultsPostProcessor - Devtools property defaults active! Set 'spring.devtools.add-properties' to 'false' to disable
2024-11-15 15:42:18.061 [restartedMain] INFO  o.s.b.d.env.DevToolsPropertyDefaultsPostProcessor - For additional web related logging consider setting the 'logging.level.web' property to 'DEBUG'
2024-11-15 15:42:18.569 [restartedMain] INFO  o.s.b.core.configuration.annotation.BatchRegistrar - Finished Spring Batch infrastructure beans configuration in 5 ms.
2024-11-15 15:42:18.941 [restartedMain] WARN  o.s.c.s.PostProcessorRegistrationDelegate$BeanPostProcessorChecker - Bean 'jobRegistry' of type [org.springframework.batch.core.configuration.support.MapJobRegistry] is not eligible for getting processed by all BeanPostProcessors (for example: not eligible for auto-proxying). Is this bean getting eagerly injected/applied to a currently created BeanPostProcessor [jobRegistryBeanPostProcessor]? Check the corresponding BeanPostProcessor declaration and its dependencies/advisors. If this bean does not have to be post-processed, declare it with ROLE_INFRASTRUCTURE.
2024-11-15 15:42:19.278 [restartedMain] INFO  o.s.boot.web.embedded.tomcat.TomcatWebServer - Tomcat initialized with port 8080 (http)
2024-11-15 15:42:19.287 [restartedMain] INFO  org.apache.coyote.http11.Http11NioProtocol - Initializing ProtocolHandler ["http-nio-8080"]
2024-11-15 15:42:19.291 [restartedMain] INFO  org.apache.catalina.core.StandardService - Starting service [Tomcat]
2024-11-15 15:42:19.291 [restartedMain] INFO  org.apache.catalina.core.StandardEngine - Starting Servlet engine: [Apache Tomcat/10.1.31]
2024-11-15 15:42:19.352 [restartedMain] INFO  o.a.c.core.ContainerBase.[Tomcat].[localhost].[/] - Initializing Spring embedded WebApplicationContext
2024-11-15 15:42:19.353 [restartedMain] INFO  o.s.b.w.s.c.ServletWebServerApplicationContext - Root WebApplicationContext: initialization completed in 1290 ms
2024-11-15 15:42:19.487 [restartedMain] INFO  com.zaxxer.hikari.HikariDataSource - HikariPool-1 - Starting...
2024-11-15 15:42:19.736 [restartedMain] INFO  com.zaxxer.hikari.pool.HikariPool - HikariPool-1 - Added connection com.mysql.cj.jdbc.ConnectionImpl@779d43cb
2024-11-15 15:42:19.738 [restartedMain] INFO  com.zaxxer.hikari.HikariDataSource - HikariPool-1 - Start completed.
2024-11-15 15:42:19.745 [restartedMain] INFO  o.s.b.c.r.support.JobRepositoryFactoryBean - No database type set, using meta data indicating: MYSQL
2024-11-15 15:42:19.759 [restartedMain] INFO  o.s.batch.core.launch.support.SimpleJobLauncher - No TaskExecutor has been set, defaulting to synchronous executor.
2024-11-15 15:42:19.851 [restartedMain] INFO  o.s.b.c.c.a.BatchObservabilityBeanPostProcessor - No Micrometer observation registry found, defaulting to ObservationRegistry.NOOP
2024-11-15 15:42:19.869 [restartedMain] INFO  o.s.b.c.c.a.BatchObservabilityBeanPostProcessor - No Micrometer observation registry found, defaulting to ObservationRegistry.NOOP
2024-11-15 15:42:20.328 [restartedMain] INFO  o.s.b.a.web.servlet.WelcomePageHandlerMapping - Adding welcome page template: index
2024-11-15 15:42:20.757 [restartedMain] INFO  o.s.b.d.autoconfigure.OptionalLiveReloadServer - LiveReload server is running on port 35729
2024-11-15 15:42:20.772 [restartedMain] INFO  org.apache.coyote.http11.Http11NioProtocol - Starting ProtocolHandler ["http-nio-8080"]
2024-11-15 15:42:20.796 [restartedMain] INFO  o.s.boot.web.embedded.tomcat.TomcatWebServer - Tomcat started on port 8080 (http) with context path '/'
2024-11-15 15:42:20.804 [restartedMain] INFO  iisi.example.gia.RestApplication - Started RestApplication in 3.204 seconds (process running for 3.562)
2024-11-15 15:42:21.160 [http-nio-8080-exec-1] INFO  o.a.c.core.ContainerBase.[Tomcat].[localhost].[/] - Initializing Spring DispatcherServlet 'dispatcherServlet'
2024-11-15 15:42:21.160 [http-nio-8080-exec-1] INFO  org.springframework.web.servlet.DispatcherServlet - Initializing Servlet 'dispatcherServlet'
2024-11-15 15:42:21.161 [http-nio-8080-exec-1] INFO  org.springframework.web.servlet.DispatcherServlet - Completed initialization in 1 ms
2024-11-15 15:42:21.268 [http-nio-8080-exec-1] INFO  o.s.batch.core.launch.support.SimpleJobLauncher - Job: [FlowJob: [name=exportEmpJob]] launched with the following parameters: [{'time':'{value=1731656541185, type=class java.lang.Long, identifying=true}'}]
2024-11-15 15:42:21.312 [http-nio-8080-exec-1] INFO  o.springframework.batch.core.job.SimpleStepHandler - Executing step: [exportEmpStep]
2024-11-15 15:42:21.458 [http-nio-8080-exec-1] INFO  org.springframework.batch.core.step.AbstractStep - Step: [exportEmpStep] executed in 144ms
2024-11-15 15:42:21.483 [http-nio-8080-exec-1] INFO  o.s.batch.core.launch.support.SimpleJobLauncher - Job: [FlowJob: [name=exportEmpJob]] completed with the following parameters: [{'time':'{value=1731656541185, type=class java.lang.Long, identifying=true}'}] and the following status: [COMPLETED] in 197ms
2024-11-15 15:42:39.325 [SpringApplicationShutdownHook] INFO  com.zaxxer.hikari.HikariDataSource - HikariPool-1 - Shutdown initiated...
2024-11-15 15:42:39.356 [SpringApplicationShutdownHook] INFO  com.zaxxer.hikari.HikariDataSource - HikariPool-1 - Shutdown completed.
